<?xml version="1.0" encoding="UTF-8"?>
<!-- Generated by org.testng.reporters.JUnitReportReporter -->
<testsuite hostname="DESKTOP-JRAVQ96" failures="0" tests="2" name="com.traval.qa.test.FirstPageTest" time="30.991" errors="0" timestamp="2024-01-06T14:34:36 IST" skipped="0">
  <testcase classname="com.traval.qa.test.FirstPageTest" name="ValidateHomePageTitle" time="2.039"/>
  <testcase classname="com.traval.qa.test.FirstPageTest" name="ValidatabyAddingRequirment" time="28.952"/>
</testsuite> <!-- com.traval.qa.test.FirstPageTest -->
